<?xml version="1.0" encoding="UTF-8"?>
<!-- Generated by org.testng.reporters.JUnitReportReporter -->
<testsuite hostname="TYSS-Zeelkumari" failures="0" tests="3" name="com.crm.qa.testcases.HomePageTest" time="54.005" errors="0" timestamp="2022-07-25T11:59:29 IST" skipped="0">
  <testcase classname="com.crm.qa.testcases.HomePageTest" name="verifyHomePageTitleTest" time="16.363"/>
  <system-out/>
  <testcase classname="com.crm.qa.testcases.HomePageTest" name="verifyUserNameTest" time="16.462"/>
  <system-out/>
  <testcase classname="com.crm.qa.testcases.HomePageTest" name="verifyContactsLinkTest" time="21.180"/>
  <system-out/>
</testsuite> <!-- com.crm.qa.testcases.HomePageTest -->
