<?xml version="1.0" encoding="UTF-8"?>
<!-- Generated by org.testng.reporters.JUnitReportReporter -->
<testsuite hostname="TYSS-Zeelkumari" failures="0" tests="2" name="com.crm.qa.testcases.LoginPageTest" time="27.604" errors="0" timestamp="2022-07-25T12:16:07 IST" skipped="0">
  <testcase classname="com.crm.qa.testcases.LoginPageTest" name="crmLogoImageTest" time="11.553"/>
  <system-out/>
  <testcase classname="com.crm.qa.testcases.LoginPageTest" name="loginTest" time="16.051"/>
  <system-out/>
</testsuite> <!-- com.crm.qa.testcases.LoginPageTest -->
